[Info] Received payment request with API key: X7JGOyi2Qc9QimdQbMgBB9EvA5cnlN9TJIvkrvThNCY
[Info] API key validated for merchant ID: 1
[Info] Payment successful. Txn ID: 3, New Balance: 199.0
[2025-08-10 12:31:43] [LevelInfo] Received payment request with API key: X7JGOyi2Qc9QimdQbMgBB9EvA5cnlN9TJIvkrvThNCY
[2025-08-10 12:31:43] [LevelInfo] API key validated for merchant ID: 1
[2025-08-10 12:31:43] [LevelInfo] Payment successful. Txn ID: 4, New Balance: 298.5
[2025-08-10 12:42:44] [LevelInfo] Received payment request with API key: X7JGOyi2Qc9QimdQbMgBB9EvA5cnlN9TJIvkrvThNCY
[2025-08-10 12:42:44] [LevelInfo] API key validated for merchant ID: 1
[2025-08-10 12:42:44] [LevelInfo] Payment successful. Txn ID: 5, New Balance: 399.0
[2025-08-10 13:17:52] [LevelInfo] Received payment request with API key: X7JGOyi2Qc9QimdQbMgBB9EvA5cnlN9TJIvkrvThNCY
[2025-08-10 13:17:52] [LevelInfo] API key validated for merchant ID: 1
[2025-08-10 13:17:52] [LevelInfo] Payment successful. Txn ID: 1, New Balance: 498.5
[2025-08-10 14:03:25] [LevelInfo] Received payment request with API key: asdf
[2025-08-10 14:03:25] [LevelWarn] Payment failed: Invalid API key provided.
[2025-08-10 14:08:47] [LevelInfo] Received payment request with API key: 88LFG7iY93YW42BCFBK0dTs61Cc8t271oJXs1gfCGwI
[2025-08-10 14:08:47] [LevelInfo] API key validated for merchant ID: 1
[2025-08-10 14:08:47] [LevelInfo] Payment successful. Txn ID: 2, New Balance: 608.45
[2025-08-10 15:41:38] [LevelInfo] Received payment request with API key: AXxo9gO381AsTJzPQARUmffnkJvM87ebgeyFFgcVoc8
[2025-08-10 15:41:38] [LevelInfo] API key validated for merchant ID: 1
[2025-08-10 15:41:38] [LevelInfo] Payment successful. Txn ID: 3, New Balance: 664.44
[2025-08-10 22:01:18] [LevelInfo] Received payment request with API key: NtAsctHRdR9oH9ZMmdYkdYK1-zgIyx83W8PPMg0edpA
[2025-08-10 22:01:18] [LevelInfo] API key validated for merchant ID: 1
[2025-08-10 22:01:18] [LevelInfo] Payment successful. Txn ID: 1, New Balance: 9.99
[2025-08-10 22:01:28] [LevelInfo] Received payment request with API key: NtAsctHRdR9oH9ZMmdYkdYK1-zgIyx83W8PPMg0edpA
[2025-08-10 22:01:28] [LevelInfo] API key validated for merchant ID: 1
[2025-08-10 22:01:28] [LevelInfo] Payment successful. Txn ID: 2, New Balance: 25.98
[2025-08-10 22:03:54] [LevelInfo] Received payment request with API key: gC2oeEAIF9QYvCkwwcucDs5MuMUEwxtUNFsHkZtCd28
[2025-08-10 22:03:54] [LevelInfo] API key validated for merchant ID: 2
[2025-08-10 22:03:54] [LevelInfo] Payment successful. Txn ID: 3, New Balance: 15.99
[2025-08-10 22:04:03] [LevelInfo] Received payment request with API key: gC2oeEAIF9QYvCkwwcucDs5MuMUEwxtUNFsHkZtCd28
[2025-08-10 22:04:03] [LevelInfo] API key validated for merchant ID: 2
[2025-08-10 22:04:03] [LevelInfo] Payment successful. Txn ID: 4, New Balance: 79.99
[2025-08-10 22:04:05] [LevelInfo] Received payment request with API key: gC2oeEAIF9QYvCkwwcucDs5MuMUEwxtUNFsHkZtCd28
[2025-08-10 22:04:05] [LevelInfo] API key validated for merchant ID: 2
[2025-08-10 22:04:05] [LevelInfo] Payment successful. Txn ID: 5, New Balance: 188.99
[2025-08-10 22:07:58] [LevelInfo] Received payment request with API key: GO1xlHMALepcQVrKjNhOADGhqh12bPXT7rYQTNQQVDE
[2025-08-10 22:07:58] [LevelInfo] API key validated for merchant ID: 1
[2025-08-10 22:07:58] [LevelInfo] Payment successful. Txn ID: 1, New Balance: 22.3
[2025-08-10 22:08:58] [LevelInfo] Received payment request with API key: 7PbOcTO6dnCT-_cUsWmqVpG9cLKYvqJPbFPploZXl_U
[2025-08-10 22:08:58] [LevelInfo] API key validated for merchant ID: 1
[2025-08-10 22:08:58] [LevelInfo] Payment successful. Txn ID: 2, New Balance: 78.29
[2025-08-11 14:30:58] [LevelInfo] Received payment request with API key: yq_ZZtY0eJM_nBK_V-9kErQzS60KBvHz_Iw1nQVTtKs
[2025-08-11 14:30:58] [LevelInfo] API key validated for merchant ID: 2
[2025-08-11 14:30:58] [LevelInfo] Payment successful. Txn ID: 1, New Balance: 55.99
[2025-08-11 14:31:07] [LevelInfo] Received payment request with API key: yq_ZZtY0eJM_nBK_V-9kErQzS60KBvHz_Iw1nQVTtKs
[2025-08-11 14:31:07] [LevelInfo] API key validated for merchant ID: 2
[2025-08-11 14:31:07] [LevelInfo] Payment successful. Txn ID: 2, New Balance: 71.98
[2025-08-11 17:43:37] [LevelInfo] Received payment request with API key: DXNhCJpJ_cGWGjOINmhXL0Mqv34orNOrGIq3ytEn-YA
[2025-08-11 17:43:37] [LevelInfo] API key validated for merchant ID: 2
[2025-08-11 17:43:37] [LevelInfo] Payment successful. Txn ID: 3, New Balance: 181.93
[2025-08-11 17:57:43] [LevelInfo] Received payment request with API key: Xr2t6_fL9SWpiCKDIqdM379b1JUrQD5HWB0ajE7Kacw
[2025-08-11 17:57:43] [LevelInfo] API key validated for merchant ID: 2
[2025-08-11 17:57:43] [LevelInfo] Payment successful. Txn ID: 4, New Balance: 197.92000000000002
[2025-08-11 17:57:48] [LevelInfo] Received payment request with API key: Xr2t6_fL9SWpiCKDIqdM379b1JUrQD5HWB0ajE7Kacw
[2025-08-11 17:57:48] [LevelInfo] API key validated for merchant ID: 2
[2025-08-11 17:57:48] [LevelInfo] Payment successful. Txn ID: 5, New Balance: 307.87
